<?xml version="1.0" encoding="UTF-8"?>
<!-- Generated by org.testng.reporters.JUnitReportReporter -->
<testsuite hostname="Aji" failures="0" tests="5" name="testNG.skipATestCase" time="0.004" errors="0" timestamp="2024-06-02T02:26:36 IST" skipped="1">
  <testcase classname="testNG.skipATestCase" name="startTheCar" time="0.001"/>
  <testcase classname="testNG.skipATestCase" name="putTheFirstGear" time="0.001"/>
  <testcase classname="testNG.skipATestCase" name="putTheThirdGear" time="0.001"/>
  <testcase classname="testNG.skipATestCase" name="turnMusicOn" time="0.001"/>
  <testcase classname="testNG.skipATestCase" name="putTheSecondGear">
    <skipped/>
  </testcase> <!-- putTheSecondGear -->
</testsuite> <!-- testNG.skipATestCase -->
