<?xml version="1.0" encoding="UTF-8"?>
<!-- Generated by org.testng.reporters.JUnitReportReporter -->
<testsuite hostname="Aji" failures="0" tests="4" name="testNG.DriveACar" time="0.008" errors="0" timestamp="2024-06-02T02:26:36 IST" skipped="0">
  <testcase classname="testNG.DriveACar" name="startTheCar" time="0.002"/>
  <testcase classname="testNG.DriveACar" name="putTheFirstGear" time="0.001"/>
  <testcase classname="testNG.DriveACar" name="putTheSecondGear" time="0.003"/>
  <testcase classname="testNG.DriveACar" name="putTheThirdGear" time="0.002"/>
</testsuite> <!-- testNG.DriveACar -->
