<?xml version="1.0" encoding="UTF-8"?>
<!-- Generated by org.testng.reporters.JUnitReportReporter -->
<testsuite hostname="Aji" failures="0" tests="3" name="testNG.suiteExample" time="13.547" errors="0" timestamp="2024-06-02T02:26:36 IST" skipped="0">
  <testcase classname="testNG.suiteExample" name="openBing" time="5.987"/>
  <testcase classname="testNG.suiteExample" name="openGoogle" time="6.263"/>
  <testcase classname="testNG.suiteExample" name="openYahoo" time="1.297"/>
</testsuite> <!-- testNG.suiteExample -->
