<?xml version="1.0" encoding="UTF-8"?>
<!-- Generated by org.testng.reporters.JUnitReportReporter -->
<testsuite hostname="Aji" failures="0" tests="1" name="testNG.ParameterizationExample" time="0.008" errors="0" timestamp="2024-06-02T22:42:39 IST" skipped="0">
  <testcase classname="testNG.ParameterizationExample" name="PrintName" time="0.008"/>
</testsuite> <!-- testNG.ParameterizationExample -->
