<?xml version="1.0" encoding="UTF-8"?>
<!-- Generated by org.testng.reporters.JUnitReportReporter -->
<testsuite hostname="Aji" failures="0" tests="3" name="testNG.ParallelTesting" time="54.334" errors="0" timestamp="2024-06-02T22:41:43 IST" skipped="0">
  <testcase classname="testNG.ParallelTesting" name="openYahoo" time="40.183"/>
  <testcase classname="testNG.ParallelTesting" name="openBing" time="5.073"/>
  <testcase classname="testNG.ParallelTesting" name="openGoogle" time="9.078"/>
</testsuite> <!-- testNG.ParallelTesting -->
