<?xml version="1.0" encoding="UTF-8"?>
<!-- Generated by org.testng.reporters.JUnitReportReporter -->
<testsuite hostname="Aji" failures="0" tests="1" name="loginTestCases.CrtusrName" time="28.023" errors="0" timestamp="2024-06-02T22:46:17 IST" skipped="0">
  <testcase classname="loginTestCases.CrtusrName" name="loginWithCrtUsrName" time="28.023"/>
</testsuite> <!-- loginTestCases.CrtusrName -->
