<?xml version="1.0" encoding="UTF-8"?>
<!-- Generated by org.testng.reporters.JUnitReportReporter -->
<testsuite hostname="Aji" failures="0" tests="1" name="testNG.skipATestCase$DriveACar" time="0.014" errors="0" timestamp="2024-06-02T00:58:20 IST" skipped="0">
  <testcase classname="testNG.skipATestCase$DriveACar" name="startTheCar" time="0.014"/>
</testsuite> <!-- testNG.skipATestCase$DriveACar -->
