<?xml version="1.0" encoding="UTF-8"?>
<!-- Generated by org.testng.reporters.JUnitReportReporter -->
<testsuite hostname="Aji" failures="0" tests="3" name="testNG.dependanciesManagement" time="0.006" errors="0" timestamp="2024-06-02T02:26:36 IST" skipped="0">
  <testcase classname="testNG.dependanciesManagement" name="engineering" time="0.002"/>
  <testcase classname="testNG.dependanciesManagement" name="highschool" time="0.003"/>
  <testcase classname="testNG.dependanciesManagement" name="higherSecondaryschool" time="0.001"/>
</testsuite> <!-- testNG.dependanciesManagement -->
