<?xml version="1.0" encoding="UTF-8"?>
<!-- Generated by org.testng.reporters.JUnitReportReporter -->
<testsuite hostname="Aji" failures="0" tests="4" name="testNG.GroupingExample" time="0.024" errors="0" timestamp="2024-06-02T14:30:01 IST" skipped="0">
  <testcase classname="testNG.GroupingExample" name="moto1" time="0.012"/>
  <testcase classname="testNG.GroupingExample" name="vivo2" time="0.003"/>
  <testcase classname="testNG.GroupingExample" name="moto2" time="0.002"/>
  <testcase classname="testNG.GroupingExample" name="vivo1" time="0.007"/>
</testsuite> <!-- testNG.GroupingExample -->
