<?xml version="1.0" encoding="UTF-8"?>
<!-- Generated by org.testng.reporters.JUnitReportReporter -->
<testsuite hostname="Aji" failures="0" tests="1" name="loginTestCases.CrtPassword" time="26.777" errors="0" timestamp="2024-06-02T22:46:17 IST" skipped="0">
  <testcase classname="loginTestCases.CrtPassword" name="loginWithCrtPassword" time="26.777"/>
</testsuite> <!-- loginTestCases.CrtPassword -->
